<?xml version="1.0" encoding="UTF-8"?>
<!-- Generated by org.testng.reporters.JUnitReportReporter -->
<testsuite hostname="DESKTOP-DG4NUTJ" failures="0" tests="1" name="Watch.SignupPageTest" time="0.171" errors="0" timestamp="2022-01-16T11:33:49 IST" skipped="0">
  <testcase classname="Watch.SignupPageTest" name="EnterName" time="0.171"/>
  <system-out/>
</testsuite> <!-- Watch.SignupPageTest -->
